{
  message: '\x1B[31mDatabase is connected successfully\x1B[39m',
  level: 'info',
  label: 'right now!',
  timestamp: '2024-04-26T08:56:54.859Z'
}
{
  message: '\x1B[35mListening on port http://localhost:6001/api/v1\x1B[39m',
  level: 'info',
  label: 'right now!',
  timestamp: '2024-04-26T08:56:54.866Z'
}
{
  message: '\x1B[31mDatabase is connected successfully\x1B[39m',
  level: 'info',
  label: 'right now!',
  timestamp: '2024-04-26T08:58:58.114Z'
}
{
  message: '\x1B[35mListening on port http://localhost:6001/api/v1\x1B[39m',
  level: 'info',
  label: 'right now!',
  timestamp: '2024-04-26T08:58:58.124Z'
}
{
  message: '\x1B[31mDatabase is connected successfully\x1B[39m',
  level: 'info',
  label: 'right now!',
  timestamp: '2024-04-26T09:00:20.788Z'
}
{
  message: '\x1B[35mListening on port http://localhost:6001/api/v1\x1B[39m',
  level: 'info',
  label: 'right now!',
  timestamp: '2024-04-26T09:00:20.799Z'
}
{
  message: '\x1B[31mDatabase is connected successfully\x1B[39m',
  level: 'info',
  label: 'right now!',
  timestamp: '2024-04-26T09:00:41.802Z'
}
{
  message: '\x1B[35mListening on port http://localhost:6001/api/v1\x1B[39m',
  level: 'info',
  label: 'right now!',
  timestamp: '2024-04-26T09:00:41.808Z'
}
{
  message: '\x1B[31mDatabase is connected successfully\x1B[39m',
  level: 'info',
  label: 'right now!',
  timestamp: '2024-04-26T09:00:54.677Z'
}
{
  message: '\x1B[35mListening on port http://localhost:6001/api/v1\x1B[39m',
  level: 'info',
  label: 'right now!',
  timestamp: '2024-04-26T09:00:54.683Z'
}
{
  message: '\x1B[31mDatabase is connected successfully\x1B[39m',
  level: 'info',
  label: 'right now!',
  timestamp: '2024-04-26T09:01:56.257Z'
}
{
  message: '\x1B[35mListening on port http://localhost:6001/api/v1\x1B[39m',
  level: 'info',
  label: 'right now!',
  timestamp: '2024-04-26T09:01:56.263Z'
}
{
  message: '\x1B[31mDatabase is connected successfully\x1B[39m',
  level: 'info',
  label: 'right now!',
  timestamp: '2024-04-26T09:04:26.394Z'
}
{
  message: '\x1B[35mListening on port http://localhost:6001/api/v1\x1B[39m',
  level: 'info',
  label: 'right now!',
  timestamp: '2024-04-26T09:04:26.400Z'
}
{
  message: '\x1B[31mDatabase is connected successfully\x1B[39m',
  level: 'info',
  label: 'right now!',
  timestamp: '2024-04-26T09:08:16.367Z'
}
{
  message: '\x1B[35mListening on port http://localhost:6001/api/v1\x1B[39m',
  level: 'info',
  label: 'right now!',
  timestamp: '2024-04-26T09:08:16.373Z'
}
{
  message: '\x1B[31mDatabase is connected successfully\x1B[39m',
  level: 'info',
  label: 'right now!',
  timestamp: '2024-04-26T09:08:58.499Z'
}
{
  message: '\x1B[35mListening on port http://localhost:6001/api/v1\x1B[39m',
  level: 'info',
  label: 'right now!',
  timestamp: '2024-04-26T09:08:58.509Z'
}
{
  message: '\x1B[31mDatabase is connected successfully\x1B[39m',
  level: 'info',
  label: 'right now!',
  timestamp: '2024-04-26T09:09:27.580Z'
}
{
  message: '\x1B[35mListening on port http://localhost:6001/api/v1\x1B[39m',
  level: 'info',
  label: 'right now!',
  timestamp: '2024-04-26T09:09:27.587Z'
}
{
  message: '\x1B[31mDatabase is connected successfully\x1B[39m',
  level: 'info',
  label: 'right now!',
  timestamp: '2024-04-26T09:18:35.652Z'
}
{
  message: '\x1B[35mListening on port http://localhost:6001/api/v1\x1B[39m',
  level: 'info',
  label: 'right now!',
  timestamp: '2024-04-26T09:18:35.659Z'
}
{
  message: '\x1B[31mDatabase is connected successfully\x1B[39m',
  level: 'info',
  label: 'right now!',
  timestamp: '2024-04-26T09:19:07.949Z'
}
{
  message: '\x1B[35mListening on port http://localhost:6001/api/v1\x1B[39m',
  level: 'info',
  label: 'right now!',
  timestamp: '2024-04-26T09:19:07.956Z'
}
{
  message: '\x1B[31mDatabase is connected successfully\x1B[39m',
  level: 'info',
  label: 'right now!',
  timestamp: '2024-04-26T09:19:35.184Z'
}
{
  message: '\x1B[35mListening on port http://localhost:6001/api/v1\x1B[39m',
  level: 'info',
  label: 'right now!',
  timestamp: '2024-04-26T09:19:35.190Z'
}
{
  message: '\x1B[31mDatabase is connected successfully\x1B[39m',
  level: 'info',
  label: 'right now!',
  timestamp: '2024-04-26T09:19:57.559Z'
}
{
  message: '\x1B[35mListening on port http://localhost:6001/api/v1\x1B[39m',
  level: 'info',
  label: 'right now!',
  timestamp: '2024-04-26T09:19:57.566Z'
}
{
  message: '\x1B[31mDatabase is connected successfully\x1B[39m',
  level: 'info',
  label: 'right now!',
  timestamp: '2024-04-26T09:20:00.012Z'
}
{
  message: '\x1B[35mListening on port http://localhost:6001/api/v1\x1B[39m',
  level: 'info',
  label: 'right now!',
  timestamp: '2024-04-26T09:20:00.018Z'
}
{
  message: '\x1B[31mDatabase is connected successfully\x1B[39m',
  level: 'info',
  label: 'right now!',
  timestamp: '2024-04-26T09:20:17.538Z'
}
{
  message: '\x1B[35mListening on port http://localhost:6001/api/v1\x1B[39m',
  level: 'info',
  label: 'right now!',
  timestamp: '2024-04-26T09:20:17.545Z'
}
{
  message: '\x1B[31mDatabase is connected successfully\x1B[39m',
  level: 'info',
  label: 'right now!',
  timestamp: '2024-04-26T09:26:13.948Z'
}
{
  message: '\x1B[35mListening on port http://localhost:6001/api/v1\x1B[39m',
  level: 'info',
  label: 'right now!',
  timestamp: '2024-04-26T09:26:13.958Z'
}
{
  message: '\x1B[31mDatabase is connected successfully\x1B[39m',
  level: 'info',
  label: 'right now!',
  timestamp: '2024-04-26T09:27:22.816Z'
}
{
  message: '\x1B[35mListening on port http://localhost:6001/api/v1\x1B[39m',
  level: 'info',
  label: 'right now!',
  timestamp: '2024-04-26T09:27:22.827Z'
}
{
  message: '\x1B[31mDatabase is connected successfully\x1B[39m',
  level: 'info',
  label: 'right now!',
  timestamp: '2024-04-26T09:31:05.535Z'
}
{
  message: '\x1B[35mListening on port http://localhost:6001/api/v1\x1B[39m',
  level: 'info',
  label: 'right now!',
  timestamp: '2024-04-26T09:31:05.542Z'
}
{
  message: '\x1B[31mDatabase is connected successfully\x1B[39m',
  level: 'info',
  label: 'right now!',
  timestamp: '2024-04-26T09:33:07.503Z'
}
{
  message: '\x1B[35mListening on port http://localhost:6001/api/v1\x1B[39m',
  level: 'info',
  label: 'right now!',
  timestamp: '2024-04-26T09:33:07.509Z'
}
{
  message: '\x1B[31mDatabase is connected successfully\x1B[39m',
  level: 'info',
  label: 'right now!',
  timestamp: '2024-04-26T09:39:39.699Z'
}
{
  message: '\x1B[35mListening on port http://localhost:6001/api/v1\x1B[39m',
  level: 'info',
  label: 'right now!',
  timestamp: '2024-04-26T09:39:39.706Z'
}
{
  message: '\x1B[31mDatabase is connected successfully\x1B[39m',
  level: 'info',
  label: 'right now!',
  timestamp: '2024-04-26T09:40:49.711Z'
}
{
  message: '\x1B[35mListening on port http://localhost:6001/api/v1\x1B[39m',
  level: 'info',
  label: 'right now!',
  timestamp: '2024-04-26T09:40:49.717Z'
}
{
  message: '\x1B[31mDatabase is connected successfully\x1B[39m',
  level: 'info',
  label: 'right now!',
  timestamp: '2024-04-26T09:41:03.852Z'
}
{
  message: '\x1B[35mListening on port http://localhost:6001/api/v1\x1B[39m',
  level: 'info',
  label: 'right now!',
  timestamp: '2024-04-26T09:41:03.858Z'
}
{
  message: '\x1B[31mDatabase is connected successfully\x1B[39m',
  level: 'info',
  label: 'right now!',
  timestamp: '2024-04-26T09:41:35.469Z'
}
{
  message: '\x1B[35mListening on port http://localhost:6001/api/v1\x1B[39m',
  level: 'info',
  label: 'right now!',
  timestamp: '2024-04-26T09:41:35.475Z'
}
{
  message: '\x1B[31mDatabase is connected successfully\x1B[39m',
  level: 'info',
  label: 'right now!',
  timestamp: '2024-04-26T09:41:47.887Z'
}
{
  message: '\x1B[35mListening on port http://localhost:6001/api/v1\x1B[39m',
  level: 'info',
  label: 'right now!',
  timestamp: '2024-04-26T09:41:47.892Z'
}
{
  message: '\x1B[31mDatabase is connected successfully\x1B[39m',
  level: 'info',
  label: 'right now!',
  timestamp: '2024-04-26T09:43:53.119Z'
}
{
  message: '\x1B[35mListening on port http://localhost:6001/api/v1\x1B[39m',
  level: 'info',
  label: 'right now!',
  timestamp: '2024-04-26T09:43:53.127Z'
}
{
  message: '\x1B[31mDatabase is connected successfully\x1B[39m',
  level: 'info',
  label: 'right now!',
  timestamp: '2024-04-26T09:53:51.795Z'
}
{
  message: '\x1B[35mListening on port http://localhost:6001/api/v1\x1B[39m',
  level: 'info',
  label: 'right now!',
  timestamp: '2024-04-26T09:53:51.801Z'
}
{
  message: '\x1B[31mDatabase is connected successfully\x1B[39m',
  level: 'info',
  label: 'right now!',
  timestamp: '2024-04-26T09:55:00.089Z'
}
{
  message: '\x1B[35mListening on port http://localhost:6001/api/v1\x1B[39m',
  level: 'info',
  label: 'right now!',
  timestamp: '2024-04-26T09:55:00.096Z'
}
{
  message: '\x1B[31mDatabase is connected successfully\x1B[39m',
  level: 'info',
  label: 'right now!',
  timestamp: '2024-04-26T09:57:58.209Z'
}
{
  message: '\x1B[35mListening on port http://localhost:6001/api/v1\x1B[39m',
  level: 'info',
  label: 'right now!',
  timestamp: '2024-04-26T09:57:58.216Z'
}
{
  message: '\x1B[31mDatabase is connected successfully\x1B[39m',
  level: 'info',
  label: 'right now!',
  timestamp: '2024-04-26T09:58:30.139Z'
}
{
  message: '\x1B[35mListening on port http://localhost:6001/api/v1\x1B[39m',
  level: 'info',
  label: 'right now!',
  timestamp: '2024-04-26T09:58:30.152Z'
}
{
  message: '\x1B[31mDatabase is connected successfully\x1B[39m',
  level: 'info',
  label: 'right now!',
  timestamp: '2024-04-26T09:58:35.645Z'
}
{
  message: '\x1B[35mListening on port http://localhost:6001/api/v1\x1B[39m',
  level: 'info',
  label: 'right now!',
  timestamp: '2024-04-26T09:58:35.651Z'
}
{
  message: '\x1B[31mDatabase is connected successfully\x1B[39m',
  level: 'info',
  label: 'right now!',
  timestamp: '2024-04-26T09:59:15.908Z'
}
{
  message: '\x1B[35mListening on port http://localhost:6001/api/v1\x1B[39m',
  level: 'info',
  label: 'right now!',
  timestamp: '2024-04-26T09:59:15.914Z'
}
{
  message: '\x1B[31mDatabase is connected successfully\x1B[39m',
  level: 'info',
  label: 'right now!',
  timestamp: '2024-04-26T10:00:59.698Z'
}
{
  message: '\x1B[35mListening on port http://localhost:6001/api/v1\x1B[39m',
  level: 'info',
  label: 'right now!',
  timestamp: '2024-04-26T10:00:59.704Z'
}
{
  message: '\x1B[31mDatabase is connected successfully\x1B[39m',
  level: 'info',
  label: 'right now!',
  timestamp: '2024-04-26T10:01:13.988Z'
}
{
  message: '\x1B[35mListening on port http://localhost:6001/api/v1\x1B[39m',
  level: 'info',
  label: 'right now!',
  timestamp: '2024-04-26T10:01:13.994Z'
}
{
  message: '\x1B[31mDatabase is connected successfully\x1B[39m',
  level: 'info',
  label: 'right now!',
  timestamp: '2024-04-26T10:01:41.117Z'
}
{
  message: '\x1B[35mListening on port http://localhost:6001/api/v1\x1B[39m',
  level: 'info',
  label: 'right now!',
  timestamp: '2024-04-26T10:01:41.124Z'
}
{
  message: '\x1B[31mDatabase is connected successfully\x1B[39m',
  level: 'info',
  label: 'right now!',
  timestamp: '2024-04-26T10:03:24.676Z'
}
{
  message: '\x1B[35mListening on port http://localhost:6001/api/v1\x1B[39m',
  level: 'info',
  label: 'right now!',
  timestamp: '2024-04-26T10:03:24.683Z'
}
{
  message: '\x1B[31mDatabase is connected successfully\x1B[39m',
  level: 'info',
  label: 'right now!',
  timestamp: '2024-04-26T10:05:01.064Z'
}
{
  message: '\x1B[35mListening on port http://localhost:6001/api/v1\x1B[39m',
  level: 'info',
  label: 'right now!',
  timestamp: '2024-04-26T10:05:01.073Z'
}
{
  message: '\x1B[31mDatabase is connected successfully\x1B[39m',
  level: 'info',
  label: 'right now!',
  timestamp: '2024-04-26T10:05:22.890Z'
}
{
  message: '\x1B[35mListening on port http://localhost:6001/api/v1\x1B[39m',
  level: 'info',
  label: 'right now!',
  timestamp: '2024-04-26T10:05:22.898Z'
}
{
  message: '\x1B[31mDatabase is connected successfully\x1B[39m',
  level: 'info',
  label: 'right now!',
  timestamp: '2024-04-26T10:05:36.647Z'
}
{
  message: '\x1B[35mListening on port http://localhost:6001/api/v1\x1B[39m',
  level: 'info',
  label: 'right now!',
  timestamp: '2024-04-26T10:05:36.658Z'
}
{
  message: '\x1B[31mDatabase is connected successfully\x1B[39m',
  level: 'info',
  label: 'right now!',
  timestamp: '2024-04-26T10:05:49.707Z'
}
{
  message: '\x1B[35mListening on port http://localhost:6001/api/v1\x1B[39m',
  level: 'info',
  label: 'right now!',
  timestamp: '2024-04-26T10:05:49.714Z'
}
{
  message: '\x1B[31mDatabase is connected successfully\x1B[39m',
  level: 'info',
  label: 'right now!',
  timestamp: '2024-04-26T10:06:10.017Z'
}
{
  message: '\x1B[35mListening on port http://localhost:6001/api/v1\x1B[39m',
  level: 'info',
  label: 'right now!',
  timestamp: '2024-04-26T10:06:10.024Z'
}
{
  message: '\x1B[31mDatabase is connected successfully\x1B[39m',
  level: 'info',
  label: 'right now!',
  timestamp: '2024-04-26T10:07:58.767Z'
}
{
  message: '\x1B[35mListening on port http://localhost:6001/api/v1\x1B[39m',
  level: 'info',
  label: 'right now!',
  timestamp: '2024-04-26T10:07:58.773Z'
}
{
  message: '\x1B[31mDatabase is connected successfully\x1B[39m',
  level: 'info',
  label: 'right now!',
  timestamp: '2024-04-26T10:09:25.387Z'
}
{
  message: '\x1B[35mListening on port http://localhost:6001/api/v1\x1B[39m',
  level: 'info',
  label: 'right now!',
  timestamp: '2024-04-26T10:09:25.394Z'
}
{
  message: '\x1B[31mDatabase is connected successfully\x1B[39m',
  level: 'info',
  label: 'right now!',
  timestamp: '2024-04-26T10:10:12.677Z'
}
{
  message: '\x1B[35mListening on port http://localhost:6001/api/v1\x1B[39m',
  level: 'info',
  label: 'right now!',
  timestamp: '2024-04-26T10:10:12.684Z'
}
{
  message: '\x1B[31mDatabase is connected successfully\x1B[39m',
  level: 'info',
  label: 'right now!',
  timestamp: '2024-04-26T10:10:14.794Z'
}
{
  message: '\x1B[35mListening on port http://localhost:6001/api/v1\x1B[39m',
  level: 'info',
  label: 'right now!',
  timestamp: '2024-04-26T10:10:14.800Z'
}
{
  message: '\x1B[31mDatabase is connected successfully\x1B[39m',
  level: 'info',
  label: 'right now!',
  timestamp: '2024-04-26T10:10:35.775Z'
}
{
  message: '\x1B[35mListening on port http://localhost:6001/api/v1\x1B[39m',
  level: 'info',
  label: 'right now!',
  timestamp: '2024-04-26T10:10:35.785Z'
}
{
  message: '\x1B[31mDatabase is connected successfully\x1B[39m',
  level: 'info',
  label: 'right now!',
  timestamp: '2024-04-26T10:11:10.771Z'
}
{
  message: '\x1B[35mListening on port http://localhost:6001/api/v1\x1B[39m',
  level: 'info',
  label: 'right now!',
  timestamp: '2024-04-26T10:11:10.777Z'
}
{
  message: '\x1B[31mDatabase is connected successfully\x1B[39m',
  level: 'info',
  label: 'right now!',
  timestamp: '2024-04-26T10:12:22.942Z'
}
{
  message: '\x1B[35mListening on port http://localhost:6001/api/v1\x1B[39m',
  level: 'info',
  label: 'right now!',
  timestamp: '2024-04-26T10:12:22.951Z'
}
{
  message: '\x1B[31mDatabase is connected successfully\x1B[39m',
  level: 'info',
  label: 'right now!',
  timestamp: '2024-04-26T10:12:41.108Z'
}
{
  message: '\x1B[35mListening on port http://localhost:6001/api/v1\x1B[39m',
  level: 'info',
  label: 'right now!',
  timestamp: '2024-04-26T10:12:41.120Z'
}
{
  message: '\x1B[31mDatabase is connected successfully\x1B[39m',
  level: 'info',
  label: 'right now!',
  timestamp: '2024-04-26T10:19:22.049Z'
}
{
  message: '\x1B[35mListening on port http://localhost:6001/api/v1\x1B[39m',
  level: 'info',
  label: 'right now!',
  timestamp: '2024-04-26T10:19:22.059Z'
}
{
  message: '\x1B[31mDatabase is connected successfully\x1B[39m',
  level: 'info',
  label: 'right now!',
  timestamp: '2024-04-26T10:19:29.829Z'
}
{
  message: '\x1B[35mListening on port http://localhost:6001/api/v1\x1B[39m',
  level: 'info',
  label: 'right now!',
  timestamp: '2024-04-26T10:19:29.835Z'
}
{
  message: '\x1B[31mDatabase is connected successfully\x1B[39m',
  level: 'info',
  label: 'right now!',
  timestamp: '2024-04-26T10:21:18.168Z'
}
{
  message: '\x1B[35mListening on port http://localhost:6001/api/v1\x1B[39m',
  level: 'info',
  label: 'right now!',
  timestamp: '2024-04-26T10:21:18.174Z'
}
{
  message: '\x1B[31mDatabase is connected successfully\x1B[39m',
  level: 'info',
  label: 'right now!',
  timestamp: '2024-04-26T10:21:26.871Z'
}
{
  message: '\x1B[35mListening on port http://localhost:6001/api/v1\x1B[39m',
  level: 'info',
  label: 'right now!',
  timestamp: '2024-04-26T10:21:26.879Z'
}
{
  message: '\x1B[31mDatabase is connected successfully\x1B[39m',
  level: 'info',
  label: 'right now!',
  timestamp: '2024-04-26T10:22:01.840Z'
}
{
  message: '\x1B[35mListening on port http://localhost:6001/api/v1\x1B[39m',
  level: 'info',
  label: 'right now!',
  timestamp: '2024-04-26T10:22:01.846Z'
}
{
  message: '\x1B[31mDatabase is connected successfully\x1B[39m',
  level: 'info',
  label: 'right now!',
  timestamp: '2024-04-26T10:23:26.859Z'
}
{
  message: '\x1B[35mListening on port http://localhost:6001/api/v1\x1B[39m',
  level: 'info',
  label: 'right now!',
  timestamp: '2024-04-26T10:23:26.867Z'
}
{
  message: '\x1B[31mDatabase is connected successfully\x1B[39m',
  level: 'info',
  label: 'right now!',
  timestamp: '2024-04-26T10:23:57.638Z'
}
{
  message: '\x1B[35mListening on port http://localhost:6001/api/v1\x1B[39m',
  level: 'info',
  label: 'right now!',
  timestamp: '2024-04-26T10:23:57.646Z'
}
{
  message: '\x1B[31mDatabase is connected successfully\x1B[39m',
  level: 'info',
  label: 'right now!',
  timestamp: '2024-04-26T10:25:52.002Z'
}
{
  message: '\x1B[35mListening on port http://localhost:6001/api/v1\x1B[39m',
  level: 'info',
  label: 'right now!',
  timestamp: '2024-04-26T10:25:52.008Z'
}
{
  message: '\x1B[31mDatabase is connected successfully\x1B[39m',
  level: 'info',
  label: 'right now!',
  timestamp: '2024-04-26T10:26:07.291Z'
}
{
  message: '\x1B[35mListening on port http://localhost:6001/api/v1\x1B[39m',
  level: 'info',
  label: 'right now!',
  timestamp: '2024-04-26T10:26:07.297Z'
}
{
  message: '\x1B[31mDatabase is connected successfully\x1B[39m',
  level: 'info',
  label: 'right now!',
  timestamp: '2024-04-26T10:26:42.738Z'
}
{
  message: '\x1B[35mListening on port http://localhost:6001/api/v1\x1B[39m',
  level: 'info',
  label: 'right now!',
  timestamp: '2024-04-26T10:26:42.744Z'
}
{
  message: '\x1B[31mDatabase is connected successfully\x1B[39m',
  level: 'info',
  label: 'right now!',
  timestamp: '2024-04-26T10:31:04.479Z'
}
{
  message: '\x1B[35mListening on port http://localhost:6001/api/v1\x1B[39m',
  level: 'info',
  label: 'right now!',
  timestamp: '2024-04-26T10:31:04.486Z'
}
{
  message: '\x1B[31mDatabase is connected successfully\x1B[39m',
  level: 'info',
  label: 'right now!',
  timestamp: '2024-04-26T10:31:14.755Z'
}
{
  message: '\x1B[35mListening on port http://localhost:6001/api/v1\x1B[39m',
  level: 'info',
  label: 'right now!',
  timestamp: '2024-04-26T10:31:14.762Z'
}
{
  message: '\x1B[31mDatabase is connected successfully\x1B[39m',
  level: 'info',
  label: 'right now!',
  timestamp: '2024-04-26T10:34:52.923Z'
}
{
  message: '\x1B[35mListening on port http://localhost:6001/api/v1\x1B[39m',
  level: 'info',
  label: 'right now!',
  timestamp: '2024-04-26T10:34:52.930Z'
}
{
  message: '\x1B[31mDatabase is connected successfully\x1B[39m',
  level: 'info',
  label: 'right now!',
  timestamp: '2024-04-26T10:35:41.826Z'
}
{
  message: '\x1B[35mListening on port http://localhost:6001/api/v1\x1B[39m',
  level: 'info',
  label: 'right now!',
  timestamp: '2024-04-26T10:35:41.833Z'
}
{
  message: '\x1B[31mDatabase is connected successfully\x1B[39m',
  level: 'info',
  label: 'right now!',
  timestamp: '2024-04-26T10:36:18.876Z'
}
{
  message: '\x1B[35mListening on port http://localhost:6001/api/v1\x1B[39m',
  level: 'info',
  label: 'right now!',
  timestamp: '2024-04-26T10:36:18.883Z'
}
{
  message: '\x1B[31mDatabase is connected successfully\x1B[39m',
  level: 'info',
  label: 'right now!',
  timestamp: '2024-04-26T10:39:36.288Z'
}
{
  message: '\x1B[35mListening on port http://localhost:6001/api/v1\x1B[39m',
  level: 'info',
  label: 'right now!',
  timestamp: '2024-04-26T10:39:36.294Z'
}
{
  message: '\x1B[31mDatabase is connected successfully\x1B[39m',
  level: 'info',
  label: 'right now!',
  timestamp: '2024-04-26T10:39:59.385Z'
}
{
  message: '\x1B[35mListening on port http://localhost:6001/api/v1\x1B[39m',
  level: 'info',
  label: 'right now!',
  timestamp: '2024-04-26T10:39:59.399Z'
}
{
  message: '\x1B[31mDatabase is connected successfully\x1B[39m',
  level: 'info',
  label: 'right now!',
  timestamp: '2024-04-26T10:40:38.266Z'
}
{
  message: '\x1B[35mListening on port http://localhost:6001/api/v1\x1B[39m',
  level: 'info',
  label: 'right now!',
  timestamp: '2024-04-26T10:40:38.273Z'
}
{
  message: '\x1B[31mDatabase is connected successfully\x1B[39m',
  level: 'info',
  label: 'right now!',
  timestamp: '2024-04-26T10:42:48.466Z'
}
{
  message: '\x1B[35mListening on port http://localhost:6001/api/v1\x1B[39m',
  level: 'info',
  label: 'right now!',
  timestamp: '2024-04-26T10:42:48.473Z'
}
{
  message: '\x1B[31mDatabase is connected successfully\x1B[39m',
  level: 'info',
  label: 'right now!',
  timestamp: '2024-04-26T10:42:52.507Z'
}
{
  message: '\x1B[35mListening on port http://localhost:6001/api/v1\x1B[39m',
  level: 'info',
  label: 'right now!',
  timestamp: '2024-04-26T10:42:52.513Z'
}
{
  message: '\x1B[31mDatabase is connected successfully\x1B[39m',
  level: 'info',
  label: 'right now!',
  timestamp: '2024-04-26T10:43:14.902Z'
}
{
  message: '\x1B[35mListening on port http://localhost:6001/api/v1\x1B[39m',
  level: 'info',
  label: 'right now!',
  timestamp: '2024-04-26T10:43:14.908Z'
}
{
  message: '\x1B[31mDatabase is connected successfully\x1B[39m',
  level: 'info',
  label: 'right now!',
  timestamp: '2024-04-26T10:43:44.447Z'
}
{
  message: '\x1B[35mListening on port http://localhost:6001/api/v1\x1B[39m',
  level: 'info',
  label: 'right now!',
  timestamp: '2024-04-26T10:43:44.452Z'
}
{
  message: '\x1B[31mDatabase is connected successfully\x1B[39m',
  level: 'info',
  label: 'right now!',
  timestamp: '2024-04-26T10:44:01.555Z'
}
{
  message: '\x1B[35mListening on port http://localhost:6001/api/v1\x1B[39m',
  level: 'info',
  label: 'right now!',
  timestamp: '2024-04-26T10:44:01.564Z'
}
{
  message: '\x1B[31mDatabase is connected successfully\x1B[39m',
  level: 'info',
  label: 'right now!',
  timestamp: '2024-04-26T10:44:06.702Z'
}
{
  message: '\x1B[35mListening on port http://localhost:6001/api/v1\x1B[39m',
  level: 'info',
  label: 'right now!',
  timestamp: '2024-04-26T10:44:06.708Z'
}
{
  message: '\x1B[31mDatabase is connected successfully\x1B[39m',
  level: 'info',
  label: 'right now!',
  timestamp: '2024-04-26T10:45:37.300Z'
}
{
  message: '\x1B[35mListening on port http://localhost:6001/api/v1\x1B[39m',
  level: 'info',
  label: 'right now!',
  timestamp: '2024-04-26T10:45:37.310Z'
}
{
  message: '\x1B[31mDatabase is connected successfully\x1B[39m',
  level: 'info',
  label: 'right now!',
  timestamp: '2024-04-26T10:46:38.961Z'
}
{
  message: '\x1B[35mListening on port http://localhost:6001/api/v1\x1B[39m',
  level: 'info',
  label: 'right now!',
  timestamp: '2024-04-26T10:46:38.968Z'
}
